<?xml version="1.0" encoding="UTF-8"?>
<!-- Generated by org.testng.reporters.JUnitReportReporter -->
<testsuite hostname="SURYA" failures="0" tests="1" name="optmizedCode.CreatecontactAndOrgame" time="51.490" errors="0" timestamp="2025-07-30T23:16:49 IST" skipped="0">
  <testcase classname="optmizedCode.CreatecontactAndOrgame" name="createContactWithnameandorg" time="51.490">
    <system-out>
      <![CDATA[createContactWithnameandorg Test Execution Started
createContactWithnameandorg Test Execution Success]]>
    </system-out>
  </testcase> <!-- createContactWithnameandorg -->
  <system-out>
    <![CDATA[Suite Execution started - Configure the Reports
test Test Execution Started
Suite Execution started - Configure the Reports
createContactWithnameandorg Test Execution Started
Suite Execution started - Configure the Reports
test1 Test Execution Started
Suite Execution started - Configure the Reports
DropdownAndOrgNamePhno Test Execution Started
test1 Test Execution Success
createContactWithnameandorg Test Execution Success
DropdownAndOrgNamePhno Test Execution Success
test Test Execution Success]]>
  </system-out>
</testsuite> <!-- optmizedCode.CreatecontactAndOrgame -->
