<?xml version="1.0" encoding="UTF-8"?>
<!-- Generated by org.testng.reporters.JUnitReportReporter -->
<testsuite hostname="SURYA" failures="0" tests="1" name="contacts_Module.CreatecontactAndOrgame" time="40.182" errors="0" timestamp="2025-07-21T17:05:23 IST" skipped="0">
  <testcase classname="contacts_Module.CreatecontactAndOrgame" name="test1" time="40.182"/>
</testsuite> <!-- contacts_Module.CreatecontactAndOrgame -->
