<?xml version="1.0" encoding="UTF-8"?>
<!-- Generated by org.testng.reporters.JUnitReportReporter -->
<testsuite hostname="SURYA" failures="0" tests="1" name="org_Module.CreateOrgWithDdtNameAndPhno" time="54.828" errors="0" timestamp="2025-07-22T17:01:21 IST" skipped="0">
  <testcase classname="org_Module.CreateOrgWithDdtNameAndPhno" name="CreateOrgnWithDdtNameAndPhno" time="54.828"/>
</testsuite> <!-- org_Module.CreateOrgWithDdtNameAndPhno -->
