<?xml version="1.0" encoding="UTF-8"?>
<!-- Generated by org.testng.reporters.JUnitReportReporter -->
<testsuite hostname="SURYA" failures="0" tests="1" name="org_Module.CreateOrgWithDdtNameAndDropDown" time="39.161" errors="0" timestamp="2025-07-22T17:00:08 IST" skipped="0">
  <testcase classname="org_Module.CreateOrgWithDdtNameAndDropDown" name="CreateOrgWithDdtNameAndDropdown" time="39.161"/>
</testsuite> <!-- org_Module.CreateOrgWithDdtNameAndDropDown -->
