<?xml version="1.0" encoding="UTF-8"?>
<!-- Generated by org.testng.reporters.JUnitReportReporter -->
<testsuite hostname="SURYA" failures="0" tests="1" name="contacts_Module.Createcontact" time="38.879" errors="0" timestamp="2025-07-21T17:15:36 IST" skipped="0">
  <testcase classname="contacts_Module.Createcontact" name="test1" time="38.879"/>
</testsuite> <!-- contacts_Module.Createcontact -->
