<?xml version="1.0" encoding="UTF-8"?>
<!-- Generated by org.testng.reporters.JUnitReportReporter -->
<testsuite hostname="SURYA" failures="0" tests="1" name="contacts_Module.CreateContactAndDate" time="36.049" errors="0" timestamp="2025-07-21T17:05:23 IST" skipped="0">
  <testcase classname="contacts_Module.CreateContactAndDate" name="test1" time="36.049"/>
</testsuite> <!-- contacts_Module.CreateContactAndDate -->
