<?xml version="1.0" encoding="UTF-8"?>
<!-- Generated by org.testng.reporters.JUnitReportReporter -->
<testsuite hostname="SURYA" failures="0" tests="1" name="org_Module.CreateOrgWithNameAndPhno" time="57.564" errors="0" timestamp="2025-07-09T22:44:14 IST" skipped="0">
  <testcase classname="org_Module.CreateOrgWithNameAndPhno" name="test" time="57.564"/>
</testsuite> <!-- org_Module.CreateOrgWithNameAndPhno -->
