<?xml version="1.0" encoding="UTF-8"?>
<!-- Generated by org.testng.reporters.JUnitReportReporter -->
<testsuite hostname="SURYA" failures="0" tests="1" name="org_Module.CreateOrg" time="56.742" errors="0" timestamp="2025-07-21T17:15:36 IST" skipped="0">
  <testcase classname="org_Module.CreateOrg" name="createNewOrg" time="56.742"/>
</testsuite> <!-- org_Module.CreateOrg -->
