<?xml version="1.0" encoding="UTF-8"?>
<!-- Generated by org.testng.reporters.JUnitReportReporter -->
<testsuite hostname="SURYA" failures="0" tests="1" name="optmizedCode.CreateOrgWithDdtNameAndPhno" time="70.765" errors="0" timestamp="2025-07-30T23:16:49 IST" skipped="0">
  <testcase classname="optmizedCode.CreateOrgWithDdtNameAndPhno" name="test" time="70.765">
    <system-out>
      <![CDATA[test Test Execution Started
test Test Execution Success]]>
    </system-out>
  </testcase> <!-- test -->
  <system-out>
    <![CDATA[Suite Execution started - Configure the Reports
test Test Execution Started
Suite Execution started - Configure the Reports
createContactWithnameandorg Test Execution Started
Suite Execution started - Configure the Reports
test1 Test Execution Started
Suite Execution started - Configure the Reports
DropdownAndOrgNamePhno Test Execution Started
test1 Test Execution Success
createContactWithnameandorg Test Execution Success
DropdownAndOrgNamePhno Test Execution Success
test Test Execution Success]]>
  </system-out>
</testsuite> <!-- optmizedCode.CreateOrgWithDdtNameAndPhno -->
