<?xml version="1.0" encoding="UTF-8"?>
<!-- Generated by org.testng.reporters.JUnitReportReporter -->
<testsuite hostname="SURYA" failures="0" tests="1" name="contacts_Module.CreatecontactAndConName" time="44.272" errors="0" timestamp="2025-07-11T12:33:55 IST" skipped="0">
  <testcase classname="contacts_Module.CreatecontactAndConName" name="test1" time="44.272"/>
</testsuite> <!-- contacts_Module.CreatecontactAndConName -->
